#! /usr/bin/vvp
:ivl_version "10.3 (stable)";
:ivl_delay_selection "TYPICAL";
:vpi_time_precision - 9;
:vpi_module "system";
:vpi_module "vhdl_sys";
:vpi_module "v2005_math";
:vpi_module "va_math";
S_0x561604a59910 .scope module, "sync_tb" "sync_tb" 2 2;
 .timescale -9 -9;
v0x561604a71b80_0 .net "data_out", 3 0, v0x561604a716e0_0;  1 drivers
v0x561604a71c90_0 .net "data_out_in", 3 0, v0x561604a70c00_0;  1 drivers
v0x561604a71d30_0 .var "en", 0 0;
v0x561604a71e00_0 .var "fast_clk", 0 0;
v0x561604a71ed0_0 .net "out", 0 0, v0x561604a70d80_0;  1 drivers
v0x561604a72010_0 .var "rst", 0 0;
v0x561604a72100_0 .var "slow_clk", 0 0;
v0x561604a721f0_0 .net "sync_clk", 0 0, L_0x561604a72290;  1 drivers
S_0x561604a59a90 .scope module, "c_sl" "count_sl" 2 19, 3 2 0, S_0x561604a59910;
 .timescale 0 0;
    .port_info 0 /OUTPUT 4 "data_out"
    .port_info 1 /OUTPUT 1 "out"
    .port_info 2 /INPUT 1 "clk"
    .port_info 3 /INPUT 1 "en"
    .port_info 4 /INPUT 1 "rst"
v0x561604a32bc0_0 .net "clk", 0 0, v0x561604a72100_0;  1 drivers
v0x561604a32cc0_0 .var "count", 3 0;
v0x561604a70c00_0 .var "data_out", 3 0;
v0x561604a70cc0_0 .net "en", 0 0, v0x561604a71d30_0;  1 drivers
v0x561604a70d80_0 .var "out", 0 0;
v0x561604a70e90_0 .net "rst", 0 0, v0x561604a72010_0;  1 drivers
E_0x561604a53c60 .event posedge, v0x561604a70e90_0, v0x561604a32bc0_0;
S_0x561604a70ff0 .scope module, "sy" "syn" 2 14, 4 1 0, S_0x561604a59910;
 .timescale -9 -9;
    .port_info 0 /OUTPUT 1 "sync_clk"
    .port_info 1 /INPUT 1 "fast_clk"
    .port_info 2 /INPUT 1 "slow_clk"
    .port_info 3 /INPUT 1 "rst"
    .port_info 4 /INPUT 1 "out"
    .port_info 5 /INPUT 4 "data_in"
    .port_info 6 /OUTPUT 4 "data_out"
L_0x561604a72290 .functor XOR 1, v0x561604a71510_0, v0x561604a71470_0, C4<0>, C4<0>;
v0x561604a712d0_0 .var "a", 0 0;
v0x561604a713b0_0 .var "b", 0 0;
v0x561604a71470_0 .var "c", 0 0;
v0x561604a71510_0 .var "d", 0 0;
v0x561604a715d0_0 .net "data_in", 3 0, v0x561604a70c00_0;  alias, 1 drivers
v0x561604a716e0_0 .var "data_out", 3 0;
v0x561604a717a0_0 .net "fast_clk", 0 0, v0x561604a71e00_0;  1 drivers
v0x561604a71860_0 .net "out", 0 0, v0x561604a70d80_0;  alias, 1 drivers
v0x561604a71900_0 .net "rst", 0 0, v0x561604a72010_0;  alias, 1 drivers
v0x561604a719a0_0 .net "slow_clk", 0 0, v0x561604a72100_0;  alias, 1 drivers
v0x561604a71a40_0 .net "sync_clk", 0 0, L_0x561604a72290;  alias, 1 drivers
E_0x561604a53770 .event posedge, v0x561604a717a0_0;
E_0x561604a1eb00 .event posedge, v0x561604a70e90_0, v0x561604a717a0_0;
    .scope S_0x561604a70ff0;
T_0 ;
    %wait E_0x561604a53c60;
    %load/vec4 v0x561604a71900_0;
    %flag_set/vec4 8;
    %jmp/0xz  T_0.0, 8;
    %pushi/vec4 0, 0, 1;
    %assign/vec4 v0x561604a712d0_0, 0;
    %jmp T_0.1;
T_0.0 ;
    %load/vec4 v0x561604a71860_0;
    %flag_set/vec4 8;
    %jmp/0xz  T_0.2, 8;
    %load/vec4 v0x561604a712d0_0;
    %nor/r;
    %assign/vec4 v0x561604a712d0_0, 0;
T_0.2 ;
T_0.1 ;
    %jmp T_0;
    .thread T_0;
    .scope S_0x561604a70ff0;
T_1 ;
    %wait E_0x561604a1eb00;
    %load/vec4 v0x561604a71900_0;
    %flag_set/vec4 8;
    %jmp/0xz  T_1.0, 8;
    %pushi/vec4 0, 0, 1;
    %assign/vec4 v0x561604a713b0_0, 0;
    %pushi/vec4 0, 0, 1;
    %assign/vec4 v0x561604a71470_0, 0;
    %pushi/vec4 0, 0, 1;
    %assign/vec4 v0x561604a71510_0, 0;
    %jmp T_1.1;
T_1.0 ;
    %load/vec4 v0x561604a712d0_0;
    %assign/vec4 v0x561604a713b0_0, 0;
    %load/vec4 v0x561604a713b0_0;
    %assign/vec4 v0x561604a71470_0, 0;
    %load/vec4 v0x561604a71470_0;
    %assign/vec4 v0x561604a71510_0, 0;
T_1.1 ;
    %jmp T_1;
    .thread T_1;
    .scope S_0x561604a70ff0;
T_2 ;
    %wait E_0x561604a53770;
    %load/vec4 v0x561604a71900_0;
    %flag_set/vec4 8;
    %jmp/0xz  T_2.0, 8;
    %pushi/vec4 0, 0, 4;
    %assign/vec4 v0x561604a716e0_0, 0;
    %jmp T_2.1;
T_2.0 ;
    %load/vec4 v0x561604a71a40_0;
    %pad/u 32;
    %cmpi/e 1, 0, 32;
    %jmp/0xz  T_2.2, 4;
    %load/vec4 v0x561604a715d0_0;
    %assign/vec4 v0x561604a716e0_0, 0;
T_2.2 ;
T_2.1 ;
    %jmp T_2;
    .thread T_2;
    .scope S_0x561604a59a90;
T_3 ;
    %wait E_0x561604a53c60;
    %load/vec4 v0x561604a70e90_0;
    %flag_set/vec4 8;
    %jmp/0xz  T_3.0, 8;
    %pushi/vec4 0, 0, 4;
    %assign/vec4 v0x561604a70c00_0, 0;
    %pushi/vec4 0, 0, 1;
    %assign/vec4 v0x561604a70d80_0, 0;
    %pushi/vec4 0, 0, 4;
    %assign/vec4 v0x561604a32cc0_0, 0;
    %jmp T_3.1;
T_3.0 ;
    %load/vec4 v0x561604a70cc0_0;
    %flag_set/vec4 8;
    %jmp/0xz  T_3.2, 8;
    %load/vec4 v0x561604a32cc0_0;
    %addi 1, 0, 4;
    %assign/vec4 v0x561604a32cc0_0, 0;
    %load/vec4 v0x561604a32cc0_0;
    %assign/vec4 v0x561604a70c00_0, 0;
    %pushi/vec4 1, 0, 1;
    %assign/vec4 v0x561604a70d80_0, 0;
T_3.2 ;
T_3.1 ;
    %jmp T_3;
    .thread T_3;
    .scope S_0x561604a59910;
T_4 ;
    %delay 5, 0;
    %pushi/vec4 1, 0, 1;
    %store/vec4 v0x561604a72010_0, 0, 1;
    %delay 62, 0;
    %pushi/vec4 0, 0, 1;
    %store/vec4 v0x561604a72010_0, 0, 1;
    %pushi/vec4 1, 0, 1;
    %store/vec4 v0x561604a71d30_0, 0, 1;
    %end;
    .thread T_4;
    .scope S_0x561604a59910;
T_5 ;
    %pushi/vec4 0, 0, 1;
    %store/vec4 v0x561604a71e00_0, 0, 1;
T_5.0 ;
    %delay 4, 0;
    %load/vec4 v0x561604a71e00_0;
    %inv;
    %store/vec4 v0x561604a71e00_0, 0, 1;
    %jmp T_5.0;
    %end;
    .thread T_5;
    .scope S_0x561604a59910;
T_6 ;
    %pushi/vec4 0, 0, 1;
    %store/vec4 v0x561604a72100_0, 0, 1;
T_6.0 ;
    %delay 21, 0;
    %load/vec4 v0x561604a72100_0;
    %inv;
    %store/vec4 v0x561604a72100_0, 0, 1;
    %jmp T_6.0;
    %end;
    .thread T_6;
    .scope S_0x561604a59910;
T_7 ;
    %vpi_call 2 43 "$dumpfile", "syn_tb.vcd" {0 0 0};
    %vpi_call 2 44 "$dumpvars" {0 0 0};
    %delay 1500, 0;
    %vpi_call 2 45 "$finish" {0 0 0};
    %end;
    .thread T_7;
# The file index is used to find the file name in the following table.
:file_names 5;
    "N/A";
    "<interactive>";
    "syn_tb.v";
    "coun_sl.v";
    "syn.v";
